SF:E:\Research\SimpleTimeLine\SimpleTimeLine\TimeLine.cs
FN:25,System.Boolean SimpleTimeLine.TimeLine::IsOnTimeLine(System.DateTime)
FNDA:2,System.Boolean SimpleTimeLine.TimeLine::IsOnTimeLine(System.DateTime)
DA:26,2
DA:27,2
DA:32,11
DA:33,3
DA:34,4
DA:35,2
DA:37,1
DA:38,2
BRDA:32,51,1,3
BRDA:34,37,0,1
BRDA:34,37,1,2
BRDA:32,51,0,1
FN:40,System.Boolean SimpleTimeLine.TimeLine::IsOnTimeLine(SimpleTimeLine.ITimePeriod)
FNDA:1,System.Boolean SimpleTimeLine.TimeLine::IsOnTimeLine(SimpleTimeLine.ITimePeriod)
DA:41,1
DA:42,1
DA:43,0
DA:44,0
DA:47,4
DA:48,1
DA:49,2
DA:50,0
DA:52,0
DA:53,1
BRDA:42,7,0,0
BRDA:42,7,1,1
BRDA:47,67,1,1
BRDA:49,53,0,1
BRDA:49,53,1,0
BRDA:47,67,0,0
FN:55,System.Boolean SimpleTimeLine.TimeLine::IntersectsWith(SimpleTimeLine.ITimePeriod)
FNDA:2,System.Boolean SimpleTimeLine.TimeLine::IntersectsWith(SimpleTimeLine.ITimePeriod)
DA:56,2
DA:57,2
DA:58,0
DA:59,0
DA:62,11
DA:63,3
DA:64,4
DA:65,2
DA:67,1
DA:68,2
BRDA:57,7,0,0
BRDA:57,7,1,2
BRDA:62,67,1,3
BRDA:64,53,0,1
BRDA:64,53,1,2
BRDA:62,67,0,1
FN:15,System.Void SimpleTimeLine.TimeLine::.ctor(SimpleTimeLine.ITimePeriodCollection)
FNDA:7,System.Void SimpleTimeLine.TimeLine::.ctor(SimpleTimeLine.ITimePeriodCollection)
DA:16,7
DA:17,7
DA:18,7
DA:19,1
DA:20,1
DA:22,6
DA:23,6
BRDA:18,14,0,1
BRDA:18,14,1,6
LF:35
LH:29
BRF:18
BRH:14
FNF:4
FNH:4
end_of_record
SF:E:\Research\SimpleTimeLine\SimpleTimeLine\TimePeriod.cs
FN:33,System.DateTime SimpleTimeLine.TimePeriod::get_Start()
FNDA:79,System.DateTime SimpleTimeLine.TimePeriod::get_Start()
DA:34,79
FN:35,System.DateTime SimpleTimeLine.TimePeriod::get_End()
FNDA:63,System.DateTime SimpleTimeLine.TimePeriod::get_End()
DA:36,63
FN:37,System.Boolean SimpleTimeLine.TimePeriod::get_HasStart()
FNDA:2,System.Boolean SimpleTimeLine.TimePeriod::get_HasStart()
DA:38,2
FN:38,System.Boolean SimpleTimeLine.TimePeriod::get_HasEnd()
FNDA:2,System.Boolean SimpleTimeLine.TimePeriod::get_HasEnd()
DA:39,2
FN:42,System.TimeSpan SimpleTimeLine.TimePeriod::get_Duration()
FNDA:3,System.TimeSpan SimpleTimeLine.TimePeriod::get_Duration()
DA:43,3
FN:44,System.Void SimpleTimeLine.TimePeriod::set_Duration(System.TimeSpan)
FNDA:0,System.Void SimpleTimeLine.TimePeriod::set_Duration(System.TimeSpan)
DA:45,0
DA:46,0
DA:47,0
FN:49,System.String SimpleTimeLine.TimePeriod::get_Description()
FNDA:0,System.String SimpleTimeLine.TimePeriod::get_Description()
DA:50,0
FN:52,System.Boolean SimpleTimeLine.TimePeriod::HasInside(SimpleTimeLine.ITimePeriod)
FNDA:2,System.Boolean SimpleTimeLine.TimePeriod::HasInside(SimpleTimeLine.ITimePeriod)
DA:53,2
DA:54,2
DA:55,1
DA:56,1
DA:58,1
DA:59,1
BRDA:54,7,0,1
BRDA:54,7,1,1
FN:61,System.Boolean SimpleTimeLine.TimePeriod::HasInside(System.DateTime)
FNDA:3,System.Boolean SimpleTimeLine.TimePeriod::HasInside(System.DateTime)
DA:62,3
DA:63,3
DA:67,3
DA:68,3
FN:70,System.Boolean SimpleTimeLine.TimePeriod::IntersectsWith(SimpleTimeLine.ITimePeriod)
FNDA:4,System.Boolean SimpleTimeLine.TimePeriod::IntersectsWith(SimpleTimeLine.ITimePeriod)
DA:71,4
DA:72,4
DA:73,1
DA:74,1
DA:76,3
DA:77,3
BRDA:72,7,0,1
BRDA:72,7,1,3
FN:79,System.Boolean SimpleTimeLine.TimePeriod::IsSamePeriod(SimpleTimeLine.ITimePeriod)
FNDA:8,System.Boolean SimpleTimeLine.TimePeriod::IsSamePeriod(SimpleTimeLine.ITimePeriod)
DA:80,8
DA:81,8
DA:82,1
DA:83,1
DA:85,7
DA:86,7
BRDA:81,7,0,1
BRDA:81,7,1,7
BRDA:85,38,0,2
BRDA:85,38,1,5
FN:88,System.Boolean SimpleTimeLine.TimePeriod::OverlapsWith(SimpleTimeLine.ITimePeriod)
FNDA:2,System.Boolean SimpleTimeLine.TimePeriod::OverlapsWith(SimpleTimeLine.ITimePeriod)
DA:89,2
DA:90,2
DA:91,1
DA:92,1
DA:94,1
DA:95,1
BRDA:90,7,0,1
BRDA:90,7,1,1
FN:97,System.Void SimpleTimeLine.TimePeriod::Setup(System.DateTime,System.DateTime)
FNDA:0,System.Void SimpleTimeLine.TimePeriod::Setup(System.DateTime,System.DateTime)
DA:98,0
DA:99,0
DA:100,0
DA:101,0
FN:25,System.Void SimpleTimeLine.TimePeriod::.ctor(System.DateTime,System.DateTime)
FNDA:96,System.Void SimpleTimeLine.TimePeriod::.ctor(System.DateTime,System.DateTime)
DA:26,96
DA:27,96
DA:28,97
DA:30,95
DA:31,95
DA:32,95
BRDA:28,17,0,1
BRDA:28,17,1,95
LF:47
LH:39
BRF:12
BRH:12
FNF:14
FNH:11
end_of_record
SF:E:\Research\SimpleTimeLine\SimpleTimeLine\TimePeriodCalc.cs
FN:8,System.Boolean SimpleTimeLine.TimePeriodCalc::HasInside(SimpleTimeLine.ITimePeriod,System.DateTime)
FNDA:18,System.Boolean SimpleTimeLine.TimePeriodCalc::HasInside(SimpleTimeLine.ITimePeriod,System.DateTime)
DA:9,18
DA:10,18
DA:11,18
BRDA:10,13,0,12
BRDA:10,13,1,6
FN:13,System.Boolean SimpleTimeLine.TimePeriodCalc::HasInside(SimpleTimeLine.ITimePeriod,SimpleTimeLine.ITimePeriod)
FNDA:3,System.Boolean SimpleTimeLine.TimePeriodCalc::HasInside(SimpleTimeLine.ITimePeriod,SimpleTimeLine.ITimePeriod)
DA:14,3
DA:15,3
DA:16,3
BRDA:15,13,0,3
BRDA:15,13,1,0
FN:18,System.Boolean SimpleTimeLine.TimePeriodCalc::IntersectsWith(SimpleTimeLine.ITimePeriod,SimpleTimeLine.ITimePeriod)
FNDA:3,System.Boolean SimpleTimeLine.TimePeriodCalc::IntersectsWith(SimpleTimeLine.ITimePeriod,SimpleTimeLine.ITimePeriod)
DA:19,3
DA:20,3
DA:21,3
DA:22,3
DA:23,3
DA:24,3
BRDA:20,13,0,2
BRDA:20,27,0,2
BRDA:20,46,0,1
BRDA:20,46,1,1
BRDA:20,13,1,1
BRDA:20,27,1,1
FN:26,System.Boolean SimpleTimeLine.TimePeriodCalc::OverlapsWith(SimpleTimeLine.ITimePeriod,SimpleTimeLine.ITimePeriod)
FNDA:1,System.Boolean SimpleTimeLine.TimePeriodCalc::OverlapsWith(SimpleTimeLine.ITimePeriod,SimpleTimeLine.ITimePeriod)
DA:27,1
DA:28,1
DA:29,1
DA:30,1
DA:31,1
DA:32,1
DA:33,1
DA:34,1
BRDA:29,10,0,1
BRDA:29,14,0,1
BRDA:29,19,0,1
BRDA:29,10,1,0
BRDA:29,14,1,0
BRDA:29,19,1,0
FN:36,SimpleTimeLine.PeriodRelation SimpleTimeLine.TimePeriodCalc::GetRelation(SimpleTimeLine.ITimePeriod,SimpleTimeLine.ITimePeriod)
FNDA:7,SimpleTimeLine.PeriodRelation SimpleTimeLine.TimePeriodCalc::GetRelation(SimpleTimeLine.ITimePeriod,SimpleTimeLine.ITimePeriod)
DA:37,7
DA:38,7
DA:39,1
DA:40,1
DA:42,6
DA:43,1
DA:44,1
DA:46,5
DA:47,1
DA:48,1
DA:50,4
DA:51,1
DA:52,1
DA:54,3
DA:55,1
DA:56,1
DA:58,2
DA:59,0
DA:60,0
DA:61,0
DA:62,0
DA:64,0
DA:66,2
DA:67,2
DA:68,2
DA:69,0
DA:70,0
DA:71,0
DA:72,0
DA:74,0
DA:76,2
DA:77,0
DA:78,0
DA:80,2
DA:81,2
DA:82,2
DA:84,0
DA:85,7
BRDA:38,20,0,1
BRDA:38,20,1,6
BRDA:42,51,0,1
BRDA:42,51,1,5
BRDA:46,79,0,1
BRDA:46,79,1,4
BRDA:46,105,0,1
BRDA:46,105,1,4
BRDA:50,136,0,1
BRDA:50,136,1,3
BRDA:54,167,0,1
BRDA:54,167,1,2
BRDA:58,189,0,0
BRDA:60,213,0,0
BRDA:60,213,1,0
BRDA:64,240,0,0
BRDA:64,240,1,0
BRDA:58,189,1,2
BRDA:68,285,0,0
BRDA:70,309,0,0
BRDA:70,309,1,0
BRDA:74,333,0,0
BRDA:74,333,1,0
BRDA:68,285,1,2
BRDA:76,348,0,0
BRDA:76,348,1,2
BRDA:80,360,0,2
BRDA:80,360,1,0
LF:58
LH:45
BRF:44
BRH:28
FNF:5
FNH:5
end_of_record
SF:E:\Research\SimpleTimeLine\SimpleTimeLine\TimePeriodCollection.cs
FN:31,SimpleTimeLine.ITimePeriod SimpleTimeLine.TimePeriodCollection::get_Item(System.Int32)
FNDA:9,SimpleTimeLine.ITimePeriod SimpleTimeLine.TimePeriodCollection::get_Item(System.Int32)
DA:32,9
FN:32,System.Void SimpleTimeLine.TimePeriodCollection::set_Item(System.Int32,SimpleTimeLine.ITimePeriod)
FNDA:3,System.Void SimpleTimeLine.TimePeriodCollection::set_Item(System.Int32,SimpleTimeLine.ITimePeriod)
DA:33,3
FN:35,System.Int32 SimpleTimeLine.TimePeriodCollection::get_Count()
FNDA:12,System.Int32 SimpleTimeLine.TimePeriodCollection::get_Count()
DA:36,12
FN:37,System.Boolean SimpleTimeLine.TimePeriodCollection::get_IsReadOnly()
FNDA:0,System.Boolean SimpleTimeLine.TimePeriodCollection::get_IsReadOnly()
DA:38,0
FN:42,System.DateTime SimpleTimeLine.TimePeriodCollection::get_Start()
FNDA:3,System.DateTime SimpleTimeLine.TimePeriodCollection::get_Start()
DA:43,3
DA:44,3
DA:45,3
DA:46,3
BRDA:45,15,0,2
BRDA:45,15,1,1
FN:47,System.Void SimpleTimeLine.TimePeriodCollection::set_Start(System.DateTime)
FNDA:0,System.Void SimpleTimeLine.TimePeriodCollection::set_Start(System.DateTime)
DA:48,0
DA:49,0
DA:50,0
DA:51,0
DA:53,0
DA:54,0
BRDA:49,12,0,0
BRDA:49,12,1,0
FN:59,System.DateTime SimpleTimeLine.TimePeriodCollection::get_End()
FNDA:3,System.DateTime SimpleTimeLine.TimePeriodCollection::get_End()
DA:60,3
DA:61,3
DA:62,3
DA:63,3
BRDA:62,15,0,2
BRDA:62,15,1,1
FN:64,System.Void SimpleTimeLine.TimePeriodCollection::set_End(System.DateTime)
FNDA:0,System.Void SimpleTimeLine.TimePeriodCollection::set_End(System.DateTime)
DA:65,0
DA:66,0
DA:67,0
DA:68,0
DA:70,0
DA:71,0
BRDA:66,12,0,0
BRDA:66,12,1,0
FN:73,System.Boolean SimpleTimeLine.TimePeriodCollection::get_HasStart()
FNDA:1,System.Boolean SimpleTimeLine.TimePeriodCollection::get_HasStart()
DA:74,1
FN:75,System.Boolean SimpleTimeLine.TimePeriodCollection::get_HasEnd()
FNDA:1,System.Boolean SimpleTimeLine.TimePeriodCollection::get_HasEnd()
DA:76,1
FN:80,System.TimeSpan SimpleTimeLine.TimePeriodCollection::get_Duration()
FNDA:1,System.TimeSpan SimpleTimeLine.TimePeriodCollection::get_Duration()
DA:81,1
DA:82,1
DA:83,1
DA:84,1
BRDA:83,15,0,0
BRDA:83,15,1,1
FN:85,System.Void SimpleTimeLine.TimePeriodCollection::set_Duration(System.TimeSpan)
FNDA:0,System.Void SimpleTimeLine.TimePeriodCollection::set_Duration(System.TimeSpan)
DA:86,0
DA:87,0
FN:90,System.String SimpleTimeLine.TimePeriodCollection::get_Description()
FNDA:0,System.String SimpleTimeLine.TimePeriodCollection::get_Description()
DA:91,0
FN:93,System.Void SimpleTimeLine.TimePeriodCollection::Add(SimpleTimeLine.ITimePeriod)
FNDA:64,System.Void SimpleTimeLine.TimePeriodCollection::Add(SimpleTimeLine.ITimePeriod)
DA:94,64
DA:95,64
DA:96,0
DA:97,0
DA:99,64
DA:100,64
BRDA:95,7,0,0
BRDA:95,7,1,64
FN:102,System.Void SimpleTimeLine.TimePeriodCollection::AddRange(System.Collections.Generic.IEnumerable`1<SimpleTimeLine.ITimePeriod>)
FNDA:19,System.Void SimpleTimeLine.TimePeriodCollection::AddRange(System.Collections.Generic.IEnumerable`1<SimpleTimeLine.ITimePeriod>)
DA:103,19
DA:104,19
DA:105,0
DA:106,0
DA:109,185
DA:110,64
DA:111,64
DA:112,64
DA:113,19
BRDA:104,7,0,0
BRDA:104,7,1,19
BRDA:109,54,1,64
BRDA:109,54,0,19
FN:115,System.Void SimpleTimeLine.TimePeriodCollection::Clear()
FNDA:1,System.Void SimpleTimeLine.TimePeriodCollection::Clear()
DA:116,1
DA:117,1
DA:118,1
FN:120,System.Boolean SimpleTimeLine.TimePeriodCollection::Contains(SimpleTimeLine.ITimePeriod)
FNDA:0,System.Boolean SimpleTimeLine.TimePeriodCollection::Contains(SimpleTimeLine.ITimePeriod)
DA:121,0
DA:122,0
DA:123,0
DA:124,0
DA:126,0
DA:127,0
BRDA:122,7,0,0
BRDA:122,7,1,0
FN:129,System.Boolean SimpleTimeLine.TimePeriodCollection::ContainsPeriod(SimpleTimeLine.ITimePeriod)
FNDA:3,System.Boolean SimpleTimeLine.TimePeriodCollection::ContainsPeriod(SimpleTimeLine.ITimePeriod)
DA:130,3
DA:131,3
DA:132,1
DA:133,1
DA:136,15
DA:137,5
DA:138,5
DA:139,1
DA:140,1
DA:142,4
DA:143,1
DA:144,2
BRDA:131,7,0,1
BRDA:131,7,1,2
BRDA:136,70,1,5
BRDA:138,54,0,1
BRDA:138,54,1,4
BRDA:136,70,0,1
FN:146,System.Void SimpleTimeLine.TimePeriodCollection::CopyTo(SimpleTimeLine.ITimePeriod[],System.Int32)
FNDA:0,System.Void SimpleTimeLine.TimePeriodCollection::CopyTo(SimpleTimeLine.ITimePeriod[],System.Int32)
DA:147,0
DA:148,0
DA:149,0
DA:150,0
DA:152,0
DA:153,0
BRDA:148,7,0,0
BRDA:148,7,1,0
FN:155,System.Collections.Generic.IEnumerator`1<SimpleTimeLine.ITimePeriod> SimpleTimeLine.TimePeriodCollection::GetEnumerator()
FNDA:5,System.Collections.Generic.IEnumerator`1<SimpleTimeLine.ITimePeriod> SimpleTimeLine.TimePeriodCollection::GetEnumerator()
DA:156,5
DA:157,5
DA:158,5
FN:160,System.Int32 SimpleTimeLine.TimePeriodCollection::IndexOf(SimpleTimeLine.ITimePeriod)
FNDA:0,System.Int32 SimpleTimeLine.TimePeriodCollection::IndexOf(SimpleTimeLine.ITimePeriod)
DA:161,0
DA:162,0
DA:163,0
DA:164,0
DA:166,0
DA:167,0
BRDA:162,7,0,0
BRDA:162,7,1,0
FN:169,System.Void SimpleTimeLine.TimePeriodCollection::Insert(System.Int32,SimpleTimeLine.ITimePeriod)
FNDA:3,System.Void SimpleTimeLine.TimePeriodCollection::Insert(System.Int32,SimpleTimeLine.ITimePeriod)
DA:170,3
DA:171,3
DA:172,1
DA:173,1
DA:175,2
DA:176,1
DA:177,1
DA:179,1
DA:180,1
BRDA:171,3,0,2
BRDA:171,3,1,1
BRDA:171,19,0,1
BRDA:171,19,1,2
BRDA:175,39,0,1
BRDA:175,39,1,1
FN:182,System.Boolean SimpleTimeLine.TimePeriodCollection::Remove(SimpleTimeLine.ITimePeriod)
FNDA:0,System.Boolean SimpleTimeLine.TimePeriodCollection::Remove(SimpleTimeLine.ITimePeriod)
DA:183,0
DA:184,0
DA:185,0
DA:186,0
DA:188,0
DA:189,0
BRDA:184,7,0,0
BRDA:184,7,1,0
FN:191,System.Void SimpleTimeLine.TimePeriodCollection::RemoveAt(System.Int32)
FNDA:0,System.Void SimpleTimeLine.TimePeriodCollection::RemoveAt(System.Int32)
DA:192,0
DA:193,0
DA:194,0
FN:196,System.Collections.IEnumerator SimpleTimeLine.TimePeriodCollection::System.Collections.IEnumerable.GetEnumerator()
FNDA:0,System.Collections.IEnumerator SimpleTimeLine.TimePeriodCollection::System.Collections.IEnumerable.GetEnumerator()
DA:197,0
DA:198,0
DA:199,0
FN:201,System.Nullable`1<System.DateTime> SimpleTimeLine.TimePeriodCollection::GetStart()
FNDA:3,System.Nullable`1<System.DateTime> SimpleTimeLine.TimePeriodCollection::GetStart()
DA:202,3
DA:203,3
DA:204,2
DA:205,2
DA:208,1
DA:210,11
DA:211,4
DA:212,4
DA:213,1
DA:214,1
DA:215,1
DA:216,4
DA:218,1
DA:219,3
BRDA:203,12,0,2
BRDA:203,12,1,1
BRDA:210,96,1,4
BRDA:212,76,0,1
BRDA:212,76,1,4
BRDA:210,96,0,1
FN:221,System.Nullable`1<System.DateTime> SimpleTimeLine.TimePeriodCollection::GetEnd()
FNDA:3,System.Nullable`1<System.DateTime> SimpleTimeLine.TimePeriodCollection::GetEnd()
DA:222,3
DA:223,3
DA:224,2
DA:225,2
DA:228,1
DA:230,11
DA:231,4
DA:232,4
DA:233,4
DA:234,4
DA:235,4
DA:236,4
DA:238,1
DA:239,3
BRDA:223,12,0,2
BRDA:223,12,1,1
BRDA:230,96,1,4
BRDA:232,76,0,4
BRDA:232,76,1,4
BRDA:230,96,0,1
FN:241,System.Void SimpleTimeLine.TimePeriodCollection::Move(System.TimeSpan)
FNDA:0,System.Void SimpleTimeLine.TimePeriodCollection::Move(System.TimeSpan)
DA:242,0
DA:243,0
DA:244,0
DA:245,0
DA:248,0
DA:249,0
DA:250,0
DA:251,0
DA:252,0
DA:253,0
BRDA:243,14,0,0
BRDA:243,14,1,0
BRDA:248,85,1,0
BRDA:248,85,0,0
FN:255,System.Void SimpleTimeLine.TimePeriodCollection::GetStartEnd(System.Nullable`1<System.DateTime>&,System.Nullable`1<System.DateTime>&)
FNDA:1,System.Void SimpleTimeLine.TimePeriodCollection::GetStartEnd(System.Nullable`1<System.DateTime>&,System.Nullable`1<System.DateTime>&)
DA:256,1
DA:257,1
DA:258,0
DA:259,0
DA:260,0
DA:261,0
DA:264,1
DA:265,1
DA:267,11
DA:268,4
DA:269,4
DA:270,1
DA:271,1
DA:272,1
DA:273,4
DA:274,4
DA:275,4
DA:276,4
DA:277,4
DA:278,1
BRDA:257,12,0,0
BRDA:257,12,1,1
BRDA:267,233,1,4
BRDA:269,116,0,0
BRDA:269,116,1,4
BRDA:269,137,0,1
BRDA:269,137,1,4
BRDA:273,181,0,0
BRDA:273,181,1,4
BRDA:273,204,0,4
BRDA:273,204,1,4
BRDA:267,233,0,1
FN:280,System.Nullable`1<System.TimeSpan> SimpleTimeLine.TimePeriodCollection::GetDuration()
FNDA:1,System.Nullable`1<System.TimeSpan> SimpleTimeLine.TimePeriodCollection::GetDuration()
DA:281,1
DA:285,1
DA:287,1
DA:288,0
DA:289,0
DA:292,1
DA:293,1
BRDA:287,19,0,1
BRDA:287,19,1,0
BRDA:287,36,0,0
BRDA:287,36,1,1
FN:295,System.Void SimpleTimeLine.TimePeriodCollection::Setup(System.DateTime,System.DateTime)
FNDA:0,System.Void SimpleTimeLine.TimePeriodCollection::Setup(System.DateTime,System.DateTime)
DA:296,0
DA:297,0
FN:14,System.Void SimpleTimeLine.TimePeriodCollection::.ctor()
FNDA:21,System.Void SimpleTimeLine.TimePeriodCollection::.ctor()
DA:15,21
DA:16,21
DA:17,21
DA:18,21
FN:20,System.Void SimpleTimeLine.TimePeriodCollection::.ctor(System.Collections.Generic.IEnumerable`1<SimpleTimeLine.ITimePeriod>)
FNDA:20,System.Void SimpleTimeLine.TimePeriodCollection::.ctor(System.Collections.Generic.IEnumerable`1<SimpleTimeLine.ITimePeriod>)
DA:21,20
DA:22,20
DA:23,20
DA:24,1
DA:25,1
DA:27,19
DA:28,19
BRDA:23,14,0,1
BRDA:23,14,1,19
LF:183
LH:115
BRF:70
BRH:46
FNF:33
FNH:20
end_of_record