SF:C:\Source\SimpleTimeLine\SimpleTimeLine\TimeLine.cs
FN:10,System.Void SimpleTimeLine.TimeLine::AddTimePeriod(SimpleTimeLine.ITimePeriod)
FNDA:0,System.Void SimpleTimeLine.TimeLine::AddTimePeriod(SimpleTimeLine.ITimePeriod)
DA:11,0
DA:12,0
LF:2
LH:0
BRF:0
BRH:0
FNF:1
FNH:0
end_of_record
SF:C:\Source\SimpleTimeLine\SimpleTimeLine\TimePeriod.cs
FN:29,System.DateTime SimpleTimeLine.TimePeriod::get_Start()
FNDA:14,System.DateTime SimpleTimeLine.TimePeriod::get_Start()
DA:30,14
FN:31,System.DateTime SimpleTimeLine.TimePeriod::get_End()
FNDA:19,System.DateTime SimpleTimeLine.TimePeriod::get_End()
DA:32,19
FN:33,System.Boolean SimpleTimeLine.TimePeriod::get_HasStart()
FNDA:2,System.Boolean SimpleTimeLine.TimePeriod::get_HasStart()
DA:34,2
FN:34,System.Boolean SimpleTimeLine.TimePeriod::get_HasEnd()
FNDA:2,System.Boolean SimpleTimeLine.TimePeriod::get_HasEnd()
DA:35,2
FN:38,System.TimeSpan SimpleTimeLine.TimePeriod::get_Duration()
FNDA:3,System.TimeSpan SimpleTimeLine.TimePeriod::get_Duration()
DA:39,3
FN:40,System.Void SimpleTimeLine.TimePeriod::set_Duration(System.TimeSpan)
FNDA:0,System.Void SimpleTimeLine.TimePeriod::set_Duration(System.TimeSpan)
DA:41,0
DA:42,0
DA:43,0
FN:46,System.Boolean SimpleTimeLine.TimePeriod::IsSamePeriod(SimpleTimeLine.ITimePeriod)
FNDA:3,System.Boolean SimpleTimeLine.TimePeriod::IsSamePeriod(SimpleTimeLine.ITimePeriod)
DA:47,3
DA:48,3
DA:49,1
DA:50,1
DA:52,2
DA:53,2
BRDA:48,7,0,1
BRDA:48,7,1,2
BRDA:52,38,0,1
BRDA:52,38,1,1
FN:55,System.Void SimpleTimeLine.TimePeriod::Setup(System.DateTime,System.DateTime)
FNDA:0,System.Void SimpleTimeLine.TimePeriod::Setup(System.DateTime,System.DateTime)
DA:56,0
DA:57,0
DA:58,0
DA:59,0
FN:21,System.Void SimpleTimeLine.TimePeriod::.ctor(System.DateTime,System.DateTime)
FNDA:35,System.Void SimpleTimeLine.TimePeriod::.ctor(System.DateTime,System.DateTime)
DA:22,35
DA:23,35
DA:24,36
DA:26,34
DA:27,34
DA:28,34
BRDA:24,17,0,1
BRDA:24,17,1,34
LF:24
LH:17
BRF:6
BRH:6
FNF:9
FNH:7
end_of_record
SF:C:\Source\SimpleTimeLine\SimpleTimeLine\TimePeriodCollection.cs
FN:31,SimpleTimeLine.ITimePeriod SimpleTimeLine.TimePeriodCollection::get_Item(System.Int32)
FNDA:6,SimpleTimeLine.ITimePeriod SimpleTimeLine.TimePeriodCollection::get_Item(System.Int32)
DA:32,6
FN:32,System.Void SimpleTimeLine.TimePeriodCollection::set_Item(System.Int32,SimpleTimeLine.ITimePeriod)
FNDA:3,System.Void SimpleTimeLine.TimePeriodCollection::set_Item(System.Int32,SimpleTimeLine.ITimePeriod)
DA:33,3
FN:35,System.Int32 SimpleTimeLine.TimePeriodCollection::get_Count()
FNDA:8,System.Int32 SimpleTimeLine.TimePeriodCollection::get_Count()
DA:36,8
FN:37,System.Boolean SimpleTimeLine.TimePeriodCollection::get_IsReadOnly()
FNDA:0,System.Boolean SimpleTimeLine.TimePeriodCollection::get_IsReadOnly()
DA:38,0
FN:42,System.DateTime SimpleTimeLine.TimePeriodCollection::get_Start()
FNDA:3,System.DateTime SimpleTimeLine.TimePeriodCollection::get_Start()
DA:43,3
DA:44,3
DA:45,3
DA:46,3
BRDA:45,15,0,2
BRDA:45,15,1,1
FN:47,System.Void SimpleTimeLine.TimePeriodCollection::set_Start(System.DateTime)
FNDA:0,System.Void SimpleTimeLine.TimePeriodCollection::set_Start(System.DateTime)
DA:48,0
DA:49,0
DA:50,0
DA:51,0
DA:53,0
DA:54,0
BRDA:49,12,0,0
BRDA:49,12,1,0
FN:59,System.DateTime SimpleTimeLine.TimePeriodCollection::get_End()
FNDA:3,System.DateTime SimpleTimeLine.TimePeriodCollection::get_End()
DA:60,3
DA:61,3
DA:62,3
DA:63,3
BRDA:62,15,0,2
BRDA:62,15,1,1
FN:64,System.Void SimpleTimeLine.TimePeriodCollection::set_End(System.DateTime)
FNDA:0,System.Void SimpleTimeLine.TimePeriodCollection::set_End(System.DateTime)
DA:65,0
DA:66,0
DA:67,0
DA:68,0
DA:70,0
DA:71,0
BRDA:66,12,0,0
BRDA:66,12,1,0
FN:73,System.Boolean SimpleTimeLine.TimePeriodCollection::get_HasStart()
FNDA:1,System.Boolean SimpleTimeLine.TimePeriodCollection::get_HasStart()
DA:74,1
FN:75,System.Boolean SimpleTimeLine.TimePeriodCollection::get_HasEnd()
FNDA:1,System.Boolean SimpleTimeLine.TimePeriodCollection::get_HasEnd()
DA:76,1
FN:80,System.TimeSpan SimpleTimeLine.TimePeriodCollection::get_Duration()
FNDA:1,System.TimeSpan SimpleTimeLine.TimePeriodCollection::get_Duration()
DA:81,1
DA:82,1
DA:83,1
DA:84,1
BRDA:83,15,0,0
BRDA:83,15,1,1
FN:86,System.TimeSpan SimpleTimeLine.TimePeriodCollection::SimpleTimeLine.ITimePeriod.get_Duration()
FNDA:3,System.TimeSpan SimpleTimeLine.TimePeriodCollection::SimpleTimeLine.ITimePeriod.get_Duration()
DA:87,3
FN:89,System.Void SimpleTimeLine.TimePeriodCollection::Add(SimpleTimeLine.ITimePeriod)
FNDA:24,System.Void SimpleTimeLine.TimePeriodCollection::Add(SimpleTimeLine.ITimePeriod)
DA:90,24
DA:91,24
DA:92,0
DA:93,0
DA:95,24
DA:96,24
BRDA:91,7,0,0
BRDA:91,7,1,24
FN:98,System.Void SimpleTimeLine.TimePeriodCollection::AddRange(System.Collections.Generic.IEnumerable`1<SimpleTimeLine.ITimePeriod>)
FNDA:6,System.Void SimpleTimeLine.TimePeriodCollection::AddRange(System.Collections.Generic.IEnumerable`1<SimpleTimeLine.ITimePeriod>)
DA:99,6
DA:100,6
DA:101,0
DA:102,0
DA:105,66
DA:106,24
DA:107,24
DA:108,24
DA:109,6
BRDA:100,7,0,0
BRDA:100,7,1,6
BRDA:105,54,1,24
BRDA:105,54,0,6
FN:111,System.Void SimpleTimeLine.TimePeriodCollection::Clear()
FNDA:0,System.Void SimpleTimeLine.TimePeriodCollection::Clear()
DA:112,0
DA:113,0
DA:114,0
FN:116,System.Boolean SimpleTimeLine.TimePeriodCollection::Contains(SimpleTimeLine.ITimePeriod)
FNDA:0,System.Boolean SimpleTimeLine.TimePeriodCollection::Contains(SimpleTimeLine.ITimePeriod)
DA:117,0
DA:118,0
DA:119,0
DA:120,0
DA:122,0
DA:123,0
BRDA:118,7,0,0
BRDA:118,7,1,0
FN:125,System.Boolean SimpleTimeLine.TimePeriodCollection::ContainsPeriod(SimpleTimeLine.ITimePeriod)
FNDA:0,System.Boolean SimpleTimeLine.TimePeriodCollection::ContainsPeriod(SimpleTimeLine.ITimePeriod)
DA:126,0
DA:127,0
DA:128,0
DA:129,0
DA:132,0
DA:133,0
DA:134,0
DA:135,0
DA:136,0
DA:138,0
DA:139,0
DA:140,0
BRDA:127,7,0,0
BRDA:127,7,1,0
BRDA:132,70,1,0
BRDA:134,54,0,0
BRDA:134,54,1,0
BRDA:132,70,0,0
FN:142,System.Void SimpleTimeLine.TimePeriodCollection::CopyTo(SimpleTimeLine.ITimePeriod[],System.Int32)
FNDA:0,System.Void SimpleTimeLine.TimePeriodCollection::CopyTo(SimpleTimeLine.ITimePeriod[],System.Int32)
DA:143,0
DA:144,0
FN:147,System.Collections.Generic.IEnumerator`1<SimpleTimeLine.ITimePeriod> SimpleTimeLine.TimePeriodCollection::GetEnumerator()
FNDA:0,System.Collections.Generic.IEnumerator`1<SimpleTimeLine.ITimePeriod> SimpleTimeLine.TimePeriodCollection::GetEnumerator()
DA:148,0
DA:149,0
FN:152,System.Int32 SimpleTimeLine.TimePeriodCollection::IndexOf(SimpleTimeLine.ITimePeriod)
FNDA:0,System.Int32 SimpleTimeLine.TimePeriodCollection::IndexOf(SimpleTimeLine.ITimePeriod)
DA:153,0
DA:154,0
FN:157,System.Void SimpleTimeLine.TimePeriodCollection::Insert(System.Int32,SimpleTimeLine.ITimePeriod)
FNDA:0,System.Void SimpleTimeLine.TimePeriodCollection::Insert(System.Int32,SimpleTimeLine.ITimePeriod)
DA:158,0
DA:159,0
FN:162,System.Boolean SimpleTimeLine.TimePeriodCollection::Remove(SimpleTimeLine.ITimePeriod)
FNDA:0,System.Boolean SimpleTimeLine.TimePeriodCollection::Remove(SimpleTimeLine.ITimePeriod)
DA:163,0
DA:164,0
FN:167,System.Void SimpleTimeLine.TimePeriodCollection::RemoveAt(System.Int32)
FNDA:0,System.Void SimpleTimeLine.TimePeriodCollection::RemoveAt(System.Int32)
DA:168,0
DA:169,0
FN:172,System.Collections.IEnumerator SimpleTimeLine.TimePeriodCollection::System.Collections.IEnumerable.GetEnumerator()
FNDA:0,System.Collections.IEnumerator SimpleTimeLine.TimePeriodCollection::System.Collections.IEnumerable.GetEnumerator()
DA:173,0
DA:174,0
FN:177,System.Nullable`1<System.DateTime> SimpleTimeLine.TimePeriodCollection::GetStart()
FNDA:3,System.Nullable`1<System.DateTime> SimpleTimeLine.TimePeriodCollection::GetStart()
DA:178,3
DA:179,3
DA:180,2
DA:181,2
DA:184,1
DA:186,11
DA:187,4
DA:188,4
DA:189,1
DA:190,1
DA:191,1
DA:192,4
DA:194,1
DA:195,3
BRDA:179,12,0,2
BRDA:179,12,1,1
BRDA:186,96,1,4
BRDA:188,76,0,1
BRDA:188,76,1,4
BRDA:186,96,0,1
FN:197,System.Nullable`1<System.DateTime> SimpleTimeLine.TimePeriodCollection::GetEnd()
FNDA:3,System.Nullable`1<System.DateTime> SimpleTimeLine.TimePeriodCollection::GetEnd()
DA:198,3
DA:199,3
DA:200,2
DA:201,2
DA:204,1
DA:206,11
DA:207,4
DA:208,4
DA:209,4
DA:210,4
DA:211,4
DA:212,4
DA:214,1
DA:215,3
BRDA:199,12,0,2
BRDA:199,12,1,1
BRDA:206,96,1,4
BRDA:208,76,0,4
BRDA:208,76,1,4
BRDA:206,96,0,1
FN:217,System.Void SimpleTimeLine.TimePeriodCollection::Move(System.TimeSpan)
FNDA:0,System.Void SimpleTimeLine.TimePeriodCollection::Move(System.TimeSpan)
DA:218,0
DA:219,0
DA:220,0
DA:221,0
DA:224,0
DA:225,0
DA:226,0
DA:227,0
DA:228,0
DA:229,0
BRDA:219,14,0,0
BRDA:219,14,1,0
BRDA:224,85,1,0
BRDA:224,85,0,0
FN:231,System.Void SimpleTimeLine.TimePeriodCollection::GetStartEnd(System.Nullable`1<System.DateTime>&,System.Nullable`1<System.DateTime>&)
FNDA:1,System.Void SimpleTimeLine.TimePeriodCollection::GetStartEnd(System.Nullable`1<System.DateTime>&,System.Nullable`1<System.DateTime>&)
DA:232,1
DA:233,1
DA:234,0
DA:235,0
DA:236,0
DA:237,0
DA:240,1
DA:241,1
DA:243,11
DA:244,4
DA:245,4
DA:246,1
DA:247,1
DA:248,1
DA:249,4
DA:250,4
DA:251,4
DA:252,4
DA:253,4
DA:254,1
BRDA:233,12,0,0
BRDA:233,12,1,1
BRDA:243,233,1,4
BRDA:245,116,0,0
BRDA:245,116,1,4
BRDA:245,137,0,1
BRDA:245,137,1,4
BRDA:249,181,0,0
BRDA:249,181,1,4
BRDA:249,204,0,4
BRDA:249,204,1,4
BRDA:243,233,0,1
FN:256,System.Nullable`1<System.TimeSpan> SimpleTimeLine.TimePeriodCollection::GetDuration()
FNDA:1,System.Nullable`1<System.TimeSpan> SimpleTimeLine.TimePeriodCollection::GetDuration()
DA:257,1
DA:261,1
DA:263,1
DA:264,0
DA:265,0
DA:268,1
DA:269,1
BRDA:263,19,0,1
BRDA:263,19,1,0
BRDA:263,36,0,0
BRDA:263,36,1,1
FN:271,System.Void SimpleTimeLine.TimePeriodCollection::Setup(System.DateTime,System.DateTime)
FNDA:0,System.Void SimpleTimeLine.TimePeriodCollection::Setup(System.DateTime,System.DateTime)
DA:272,0
DA:273,0
FN:276,System.Boolean SimpleTimeLine.TimePeriodCollection::IsSamePeriod(SimpleTimeLine.ITimePeriod)
FNDA:0,System.Boolean SimpleTimeLine.TimePeriodCollection::IsSamePeriod(SimpleTimeLine.ITimePeriod)
DA:277,0
DA:278,0
FN:14,System.Void SimpleTimeLine.TimePeriodCollection::.ctor()
FNDA:8,System.Void SimpleTimeLine.TimePeriodCollection::.ctor()
DA:15,8
DA:16,8
DA:17,8
DA:18,8
FN:20,System.Void SimpleTimeLine.TimePeriodCollection::.ctor(System.Collections.Generic.IEnumerable`1<SimpleTimeLine.ITimePeriod>)
FNDA:7,System.Void SimpleTimeLine.TimePeriodCollection::.ctor(System.Collections.Generic.IEnumerable`1<SimpleTimeLine.ITimePeriod>)
DA:21,7
DA:22,7
DA:23,7
DA:24,1
DA:25,1
DA:27,6
DA:28,6
BRDA:23,14,0,1
BRDA:23,14,1,6
LF:161
LH:89
BRF:58
BRH:34
FNF:33
FNH:17
end_of_record